<?xml version="1.0" encoding="UTF-8"?>
<!-- Generated by org.testng.reporters.JUnitReportReporter -->
<testsuite hostname="Ktex03" failures="0" tests="5" name="selenium.Testing1" time="0.011" errors="0" timestamp="2022-06-19T14:03:35 EDT" skipped="0">
  <testcase classname="selenium.Testing1" name="dataTest" time="0.003"/>
  <system-out/>
  <testcase classname="selenium.Testing1" name="dataTest" time="0.006"/>
  <system-out/>
  <testcase classname="selenium.Testing1" name="test2" time="0.001"/>
  <system-out/>
  <testcase classname="selenium.Testing1" name="test1" time="0.000"/>
  <system-out/>
  <testcase classname="selenium.Testing1" name="test3" time="0.001"/>
  <system-out/>
</testsuite> <!-- selenium.Testing1 -->
